2022-08-25 15:50:46,072 DEBUG [main] InternalLoggerFactory:89 - Using Log4J as the default logging framework
2022-08-25 15:50:46,084 DEBUG [main] ResourceLeakDetector:129 - -Dio.netty.leakDetection.level: simple
2022-08-25 15:50:46,085 DEBUG [main] ResourceLeakDetector:130 - -Dio.netty.leakDetection.targetRecords: 4
2022-08-25 15:50:46,098 DEBUG [main] ResourceLeakDetectorFactory:196 - Loaded default ResourceLeakDetector: io.netty.util.ResourceLeakDetector@5ba88be8
2022-08-25 15:50:46,137 DEBUG [main] PlatformDependent0:495 - -Dio.netty.noUnsafe: false
2022-08-25 15:50:46,138 DEBUG [main] PlatformDependent0:998 - Java version: 18
2022-08-25 15:50:46,141 DEBUG [main] PlatformDependent0:136 - sun.misc.Unsafe.theUnsafe: available
2022-08-25 15:50:46,145 DEBUG [main] PlatformDependent0:160 - sun.misc.Unsafe.copyMemory: available
2022-08-25 15:50:46,150 DEBUG [main] PlatformDependent0:192 - sun.misc.Unsafe.storeFence: available
2022-08-25 15:50:46,153 DEBUG [main] PlatformDependent0:235 - java.nio.Buffer.address: available
2022-08-25 15:50:46,156 DEBUG [main] PlatformDependent0:319 - direct buffer constructor: unavailable: Reflective setAccessible(true) disabled
2022-08-25 15:50:46,158 DEBUG [main] PlatformDependent0:384 - java.nio.Bits.unaligned: available, true
2022-08-25 15:50:46,162 DEBUG [main] PlatformDependent0:451 - jdk.internal.misc.Unsafe.allocateUninitializedArray(int): unavailable: class io.netty.util.internal.PlatformDependent0$7 cannot access class jdk.internal.misc.Unsafe (in module java.base) because module java.base does not export jdk.internal.misc to unnamed module @5fdef03a
2022-08-25 15:50:46,166 DEBUG [main] PlatformDependent0:481 - java.nio.DirectByteBuffer.<init>(long, int): unavailable
2022-08-25 15:50:46,166 DEBUG [main] PlatformDependent:1120 - sun.misc.Unsafe: available
2022-08-25 15:50:46,183 DEBUG [main] PlatformDependent:1231 - maxDirectMemory: 2124414976 bytes (maybe)
2022-08-25 15:50:46,184 DEBUG [main] PlatformDependent:1250 - -Dio.netty.tmpdir: C:\Users\admin\AppData\Local\Temp (java.io.tmpdir)
2022-08-25 15:50:46,184 DEBUG [main] PlatformDependent:1329 - -Dio.netty.bitMode: 64 (sun.arch.data.model)
2022-08-25 15:50:46,185 DEBUG [main] PlatformDependent:1080 - Platform: Windows
2022-08-25 15:50:46,188 DEBUG [main] PlatformDependent:178 - -Dio.netty.maxDirectMemory: -1 bytes
2022-08-25 15:50:46,188 DEBUG [main] PlatformDependent:185 - -Dio.netty.uninitializedArrayAllocationThreshold: -1
2022-08-25 15:50:46,192 DEBUG [main] CleanerJava9:71 - java.nio.ByteBuffer.cleaner(): available
2022-08-25 15:50:46,193 DEBUG [main] PlatformDependent:205 - -Dio.netty.noPreferDirect: false
2022-08-25 15:50:46,208 DEBUG [main] PlatformDependent:971 - org.jctools-core.MpscChunkedArrayQueue: available
2022-08-25 15:50:46,241 DEBUG [main] InternalThreadLocalMap:86 - -Dio.netty.threadLocalMap.stringBuilder.initialSize: 1024
2022-08-25 15:50:46,243 DEBUG [main] InternalThreadLocalMap:89 - -Dio.netty.threadLocalMap.stringBuilder.maxSize: 4096
2022-08-25 15:50:46,522 DEBUG [main] JdkSslContext:83 - Default protocols (JDK): [TLSv1.3, TLSv1.2] 
2022-08-25 15:50:46,522 DEBUG [main] JdkSslContext:84 - Default cipher suites (JDK): [TLS_ECDHE_ECDSA_WITH_AES_256_GCM_SHA384, TLS_ECDHE_ECDSA_WITH_AES_128_GCM_SHA256, TLS_ECDHE_RSA_WITH_AES_128_GCM_SHA256, TLS_ECDHE_RSA_WITH_AES_256_GCM_SHA384, TLS_ECDHE_RSA_WITH_AES_128_CBC_SHA, TLS_ECDHE_RSA_WITH_AES_256_CBC_SHA, TLS_RSA_WITH_AES_128_GCM_SHA256, TLS_RSA_WITH_AES_128_CBC_SHA, TLS_RSA_WITH_AES_256_CBC_SHA, TLS_AES_128_GCM_SHA256, TLS_AES_256_GCM_SHA384]
2022-08-25 15:50:46,576 DEBUG [main] MultithreadEventLoopGroup:44 - -Dio.netty.eventLoopThreads: 8
2022-08-25 15:50:46,591 DEBUG [main] NioEventLoop:109 - -Dio.netty.noKeySetOptimization: false
2022-08-25 15:50:46,592 DEBUG [main] NioEventLoop:110 - -Dio.netty.selectorAutoRebuildThreshold: 512
2022-08-25 15:50:46,644 DEBUG [main] PooledByteBufAllocator:157 - -Dio.netty.allocator.numHeapArenas: 8
2022-08-25 15:50:46,644 DEBUG [main] PooledByteBufAllocator:158 - -Dio.netty.allocator.numDirectArenas: 8
2022-08-25 15:50:46,645 DEBUG [main] PooledByteBufAllocator:160 - -Dio.netty.allocator.pageSize: 8192
2022-08-25 15:50:46,645 DEBUG [main] PooledByteBufAllocator:165 - -Dio.netty.allocator.maxOrder: 9
2022-08-25 15:50:46,646 DEBUG [main] PooledByteBufAllocator:169 - -Dio.netty.allocator.chunkSize: 4194304
2022-08-25 15:50:46,646 DEBUG [main] PooledByteBufAllocator:170 - -Dio.netty.allocator.smallCacheSize: 256
2022-08-25 15:50:46,647 DEBUG [main] PooledByteBufAllocator:171 - -Dio.netty.allocator.normalCacheSize: 64
2022-08-25 15:50:46,647 DEBUG [main] PooledByteBufAllocator:172 - -Dio.netty.allocator.maxCachedBufferCapacity: 32768
2022-08-25 15:50:46,648 DEBUG [main] PooledByteBufAllocator:173 - -Dio.netty.allocator.cacheTrimInterval: 8192
2022-08-25 15:50:46,648 DEBUG [main] PooledByteBufAllocator:174 - -Dio.netty.allocator.cacheTrimIntervalMillis: 0
2022-08-25 15:50:46,649 DEBUG [main] PooledByteBufAllocator:175 - -Dio.netty.allocator.useCacheForAllThreads: false
2022-08-25 15:50:46,650 DEBUG [main] PooledByteBufAllocator:176 - -Dio.netty.allocator.maxCachedByteBuffersPerChunk: 1023
2022-08-25 15:50:46,669 DEBUG [main] ByteBufUtil:87 - -Dio.netty.allocator.type: pooled
2022-08-25 15:50:46,670 DEBUG [main] ByteBufUtil:96 - -Dio.netty.threadLocalDirectBufferSize: 0
2022-08-25 15:50:46,671 DEBUG [main] ByteBufUtil:99 - -Dio.netty.maxThreadLocalCharBufferSize: 16384
2022-08-25 15:50:47,831 DEBUG [Forwarding newSession on session null to remote] DefaultChannelId:79 - -Dio.netty.processId: 22028 (auto-detected)
2022-08-25 15:50:47,834 DEBUG [Forwarding newSession on session null to remote] NetUtil:136 - -Djava.net.preferIPv4Stack: false
2022-08-25 15:50:47,835 DEBUG [Forwarding newSession on session null to remote] NetUtil:137 - -Djava.net.preferIPv6Addresses: false
2022-08-25 15:50:47,852 DEBUG [Forwarding newSession on session null to remote] NetUtilInitializations:129 - Loopback interface: lo (Software Loopback Interface 1, 127.0.0.1)
2022-08-25 15:50:47,854 DEBUG [Forwarding newSession on session null to remote] NetUtil:191 - Failed to get SOMAXCONN from sysctl and file \proc\sys\net\core\somaxconn. Default: 200
2022-08-25 15:50:47,895 DEBUG [Forwarding newSession on session null to remote] DefaultChannelId:101 - -Dio.netty.machineId: a4:fc:77:ff:fe:7d:4a:19 (auto-detected)
2022-08-25 15:50:47,985 DEBUG [AsyncHttpClient-1-2] AbstractByteBuf:63 - -Dio.netty.buffer.checkAccessible: true
2022-08-25 15:50:47,985 DEBUG [AsyncHttpClient-1-2] AbstractByteBuf:64 - -Dio.netty.buffer.checkBounds: true
2022-08-25 15:50:47,986 DEBUG [AsyncHttpClient-1-2] ResourceLeakDetectorFactory:196 - Loaded default ResourceLeakDetector: io.netty.util.ResourceLeakDetector@22fa7dcc
2022-08-25 15:50:48,024 DEBUG [AsyncHttpClient-1-2] Recycler:85 - -Dio.netty.recycler.maxCapacityPerThread: 4096
2022-08-25 15:50:48,024 DEBUG [AsyncHttpClient-1-2] Recycler:86 - -Dio.netty.recycler.ratio: 8
2022-08-25 15:50:48,025 DEBUG [AsyncHttpClient-1-2] Recycler:87 - -Dio.netty.recycler.chunkSize: 32
2022-08-25 15:50:48,026 DEBUG [AsyncHttpClient-1-2] Recycler:88 - -Dio.netty.recycler.blocking: false
2022-08-25 15:50:49,320 DEBUG [AsyncHttpClient-1-2] Brotli:38 - brotli4j not in the classpath; Brotli support will be unavailable.
2022-08-25 15:50:49,578 DEBUG [main] ThreadLocalRandom:214 - -Dio.netty.initialSeedUniquifier: 0x52d3f8b775085869
2022-08-25 15:50:56,485  INFO [main] ebanking:18 - URL is opened
2022-08-25 15:50:56,862  INFO [main] ebanking:21 - Entered UserName
2022-08-25 15:50:58,108 DEBUG [main] cache:45 - Couldn't find template in cache for "v3html/v3-html-index.ftl"("en", UTF-8, parsed); will try to load it.
2022-08-25 15:50:58,111 DEBUG [main] cache:45 - TemplateLoader.findTemplateSource("v3html/v3-html-index_en.ftl"): Not found
2022-08-25 15:50:58,115 DEBUG [main] cache:45 - TemplateLoader.findTemplateSource("v3html/v3-html-index.ftl"): Found
2022-08-25 15:50:58,116 DEBUG [main] cache:45 - Loading template for "v3html/v3-html-index.ftl"("en", UTF-8, parsed) from "jar:file:/C:/Users/admin/.m2/repository/com/aventstack/extentreports/4.0.9/extentreports-4.0.9.jar!/com/aventstack/extentreports/view/v3html/v3-html-index.ftl"
2022-08-25 15:50:58,432 DEBUG [main] cache:45 - Couldn't find template in cache for "v3html/v3-html-head.ftl"("en", UTF-8, parsed); will try to load it.
2022-08-25 15:50:58,435 DEBUG [main] cache:45 - TemplateLoader.findTemplateSource("v3html/v3-html-head_en.ftl"): Not found
2022-08-25 15:50:58,439 DEBUG [main] cache:45 - TemplateLoader.findTemplateSource("v3html/v3-html-head.ftl"): Found
2022-08-25 15:50:58,442 DEBUG [main] cache:45 - Loading template for "v3html/v3-html-head.ftl"("en", UTF-8, parsed) from "jar:file:/C:/Users/admin/.m2/repository/com/aventstack/extentreports/4.0.9/extentreports-4.0.9.jar!/com/aventstack/extentreports/view/v3html/v3-html-head.ftl"
2022-08-25 15:50:58,482 DEBUG [main] cache:45 - Couldn't find template in cache for "v3html/v3-html-nav.ftl"("en", UTF-8, parsed); will try to load it.
2022-08-25 15:50:58,487 DEBUG [main] cache:45 - TemplateLoader.findTemplateSource("v3html/v3-html-nav_en.ftl"): Not found
2022-08-25 15:50:58,492 DEBUG [main] cache:45 - TemplateLoader.findTemplateSource("v3html/v3-html-nav.ftl"): Found
2022-08-25 15:50:58,493 DEBUG [main] cache:45 - Loading template for "v3html/v3-html-nav.ftl"("en", UTF-8, parsed) from "jar:file:/C:/Users/admin/.m2/repository/com/aventstack/extentreports/4.0.9/extentreports-4.0.9.jar!/com/aventstack/extentreports/view/v3html/v3-html-nav.ftl"
2022-08-25 15:50:58,511 DEBUG [main] cache:45 - Couldn't find template in cache for "v3html/test-view/v3-html-test-view.ftl"("en", UTF-8, parsed); will try to load it.
2022-08-25 15:50:58,512 DEBUG [main] cache:45 - TemplateLoader.findTemplateSource("v3html/test-view/v3-html-test-view_en.ftl"): Not found
2022-08-25 15:50:58,514 DEBUG [main] cache:45 - TemplateLoader.findTemplateSource("v3html/test-view/v3-html-test-view.ftl"): Found
2022-08-25 15:50:58,515 DEBUG [main] cache:45 - Loading template for "v3html/test-view/v3-html-test-view.ftl"("en", UTF-8, parsed) from "jar:file:/C:/Users/admin/.m2/repository/com/aventstack/extentreports/4.0.9/extentreports-4.0.9.jar!/com/aventstack/extentreports/view/v3html/test-view/v3-html-test-view.ftl"
2022-08-25 15:50:58,539 DEBUG [main] cache:45 - Couldn't find template in cache for "v3html/test-view/v3-html-test-view-charts.ftl"("en", UTF-8, parsed); will try to load it.
2022-08-25 15:50:58,539 DEBUG [main] cache:45 - TemplateLoader.findTemplateSource("v3html/test-view/v3-html-test-view-charts_en.ftl"): Not found
2022-08-25 15:50:58,541 DEBUG [main] cache:45 - TemplateLoader.findTemplateSource("v3html/test-view/v3-html-test-view-charts.ftl"): Found
2022-08-25 15:50:58,541 DEBUG [main] cache:45 - Loading template for "v3html/test-view/v3-html-test-view-charts.ftl"("en", UTF-8, parsed) from "jar:file:/C:/Users/admin/.m2/repository/com/aventstack/extentreports/4.0.9/extentreports-4.0.9.jar!/com/aventstack/extentreports/view/v3html/test-view/v3-html-test-view-charts.ftl"
2022-08-25 15:50:58,572 DEBUG [main] cache:45 - Couldn't find template in cache for "v3html/test-view/v3-html-standard.ftl"("en", UTF-8, parsed); will try to load it.
2022-08-25 15:50:58,574 DEBUG [main] cache:45 - TemplateLoader.findTemplateSource("v3html/test-view/v3-html-standard_en.ftl"): Not found
2022-08-25 15:50:58,575 DEBUG [main] cache:45 - TemplateLoader.findTemplateSource("v3html/test-view/v3-html-standard.ftl"): Found
2022-08-25 15:50:58,576 DEBUG [main] cache:45 - Loading template for "v3html/test-view/v3-html-standard.ftl"("en", UTF-8, parsed) from "jar:file:/C:/Users/admin/.m2/repository/com/aventstack/extentreports/4.0.9/extentreports-4.0.9.jar!/com/aventstack/extentreports/view/v3html/test-view/v3-html-standard.ftl"
2022-08-25 15:50:58,609 DEBUG [main] cache:45 - Couldn't find template in cache for "v3html/category-view/v3-html-category-view.ftl"("en", UTF-8, parsed); will try to load it.
2022-08-25 15:50:58,611 DEBUG [main] cache:45 - TemplateLoader.findTemplateSource("v3html/category-view/v3-html-category-view_en.ftl"): Not found
2022-08-25 15:50:58,612 DEBUG [main] cache:45 - TemplateLoader.findTemplateSource("v3html/category-view/v3-html-category-view.ftl"): Found
2022-08-25 15:50:58,613 DEBUG [main] cache:45 - Loading template for "v3html/category-view/v3-html-category-view.ftl"("en", UTF-8, parsed) from "jar:file:/C:/Users/admin/.m2/repository/com/aventstack/extentreports/4.0.9/extentreports-4.0.9.jar!/com/aventstack/extentreports/view/v3html/category-view/v3-html-category-view.ftl"
2022-08-25 15:50:58,620 DEBUG [main] cache:45 - Couldn't find template in cache for "v3html/exception-view/v3-html-exception-view.ftl"("en", UTF-8, parsed); will try to load it.
2022-08-25 15:50:58,622 DEBUG [main] cache:45 - TemplateLoader.findTemplateSource("v3html/exception-view/v3-html-exception-view_en.ftl"): Not found
2022-08-25 15:50:58,625 DEBUG [main] cache:45 - TemplateLoader.findTemplateSource("v3html/exception-view/v3-html-exception-view.ftl"): Found
2022-08-25 15:50:58,626 DEBUG [main] cache:45 - Loading template for "v3html/exception-view/v3-html-exception-view.ftl"("en", UTF-8, parsed) from "jar:file:/C:/Users/admin/.m2/repository/com/aventstack/extentreports/4.0.9/extentreports-4.0.9.jar!/com/aventstack/extentreports/view/v3html/exception-view/v3-html-exception-view.ftl"
2022-08-25 15:50:58,638 DEBUG [main] cache:45 - Couldn't find template in cache for "v3html/author-view/v3-html-author-view.ftl"("en", UTF-8, parsed); will try to load it.
2022-08-25 15:50:58,642 DEBUG [main] cache:45 - TemplateLoader.findTemplateSource("v3html/author-view/v3-html-author-view_en.ftl"): Not found
2022-08-25 15:50:58,643 DEBUG [main] cache:45 - TemplateLoader.findTemplateSource("v3html/author-view/v3-html-author-view.ftl"): Found
2022-08-25 15:50:58,646 DEBUG [main] cache:45 - Loading template for "v3html/author-view/v3-html-author-view.ftl"("en", UTF-8, parsed) from "jar:file:/C:/Users/admin/.m2/repository/com/aventstack/extentreports/4.0.9/extentreports-4.0.9.jar!/com/aventstack/extentreports/view/v3html/author-view/v3-html-author-view.ftl"
2022-08-25 15:50:58,654 DEBUG [main] cache:45 - Couldn't find template in cache for "v3html/dashboard-view/v3-html-dashboard-view.ftl"("en", UTF-8, parsed); will try to load it.
2022-08-25 15:50:58,659 DEBUG [main] cache:45 - TemplateLoader.findTemplateSource("v3html/dashboard-view/v3-html-dashboard-view_en.ftl"): Not found
2022-08-25 15:50:58,661 DEBUG [main] cache:45 - TemplateLoader.findTemplateSource("v3html/dashboard-view/v3-html-dashboard-view.ftl"): Found
2022-08-25 15:50:58,661 DEBUG [main] cache:45 - Loading template for "v3html/dashboard-view/v3-html-dashboard-view.ftl"("en", UTF-8, parsed) from "jar:file:/C:/Users/admin/.m2/repository/com/aventstack/extentreports/4.0.9/extentreports-4.0.9.jar!/com/aventstack/extentreports/view/v3html/dashboard-view/v3-html-dashboard-view.ftl"
2022-08-25 15:50:58,686 DEBUG [main] cache:45 - Couldn't find template in cache for "v3html/logs-view/v3-html-testrunner-logs-view.ftl"("en", UTF-8, parsed); will try to load it.
2022-08-25 15:50:58,691 DEBUG [main] cache:45 - TemplateLoader.findTemplateSource("v3html/logs-view/v3-html-testrunner-logs-view_en.ftl"): Not found
2022-08-25 15:50:58,692 DEBUG [main] cache:45 - TemplateLoader.findTemplateSource("v3html/logs-view/v3-html-testrunner-logs-view.ftl"): Found
2022-08-25 15:50:58,692 DEBUG [main] cache:45 - Loading template for "v3html/logs-view/v3-html-testrunner-logs-view.ftl"("en", UTF-8, parsed) from "jar:file:/C:/Users/admin/.m2/repository/com/aventstack/extentreports/4.0.9/extentreports-4.0.9.jar!/com/aventstack/extentreports/view/v3html/logs-view/v3-html-testrunner-logs-view.ftl"
